\BOOKMARK [0][-]{chapter.1}{MARCO REFERENCIAL METODOL\323GICO}{}% 2
\BOOKMARK [1][-]{section.1.1}{Delimitaci\363n General}{chapter.1}% 3
\BOOKMARK [2][-]{subsection.1.1.1}{Espacial}{section.1.1}% 4
\BOOKMARK [2][-]{subsection.1.1.2}{Sectorial}{section.1.1}% 5
\BOOKMARK [2][-]{subsection.1.1.3}{Institucional}{section.1.1}% 6
\BOOKMARK [2][-]{subsection.1.1.4}{Delimitacion en la Menci\363n}{section.1.1}% 7
\BOOKMARK [1][-]{section.1.2}{Restricci\363n de Variables Econ\363micas}{chapter.1}% 8
\BOOKMARK [2][-]{subsection.1.2.1}{Categor\355as Econ\363micas}{section.1.2}% 9
\BOOKMARK [2][-]{subsection.1.2.2}{Variables Econ\363micas}{section.1.2}% 10
\BOOKMARK [1][-]{section.1.3}{Planteamiento del Objeto de Investigaci\363n}{chapter.1}% 11
\BOOKMARK [1][-]{section.1.4}{Planteamiento del Problema}{chapter.1}% 12
\BOOKMARK [2][-]{subsection.1.4.1}{Objetivo Especifico}{section.1.4}% 13
\BOOKMARK [1][-]{section.1.5}{Fuente de Informaci\363n }{chapter.1}% 14
\BOOKMARK [0][-]{chapter.2}{MARCO TE\323RICO}{}% 15
\BOOKMARK [1][-]{section.2.1}{Referencias}{chapter.2}% 16
\BOOKMARK [1][-]{section.2.2}{Marcos}{chapter.2}% 17
\BOOKMARK [1][-]{section.2.3}{Matem\341tica}{chapter.2}% 18
\BOOKMARK [0][-]{chapter.3}{MARCO MARCO LEGAL}{}% 19
\BOOKMARK [0][-]{chapter.4}{MARCO PRACTICO}{}% 20
\BOOKMARK [1][-]{section.4.1}{An\341lisis del Desempe\361o Econ\363mico}{chapter.4}% 21
\BOOKMARK [1][-]{section.4.2}{An\341lisis del PIB}{chapter.4}% 22
\BOOKMARK [1][-]{section.4.3}{La Inversi\363n Publica}{chapter.4}% 23
\BOOKMARK [2][-]{subsection.4.3.1}{Infraestructura}{section.4.3}% 24
\BOOKMARK [1][-]{section.4.4}{Modelo}{chapter.4}% 25
\BOOKMARK [1][-]{section.4.5}{Resultados}{chapter.4}% 26
\BOOKMARK [0][-]{chapter.5}{CONCLUSI\323N}{}% 27
\BOOKMARK [0][-]{section*.9}{ANEXO}{}% 28
\BOOKMARK [0][-]{appendix.Alph1}{Detalles T\351cnicos}{}% 29
\BOOKMARK [1][-]{section.Alph1.1}{Correlaci\363n}{appendix.Alph1}% 30
\BOOKMARK [0][-]{appendix.Alph2}{Pruebas de Robustez}{}% 31
